  Rendered layout layouts/mailer.html.haml (Duration: 4.7ms | Allocations: 1772)
  Rendered layout layouts/mailer.text.erb (Duration: 1.7ms | Allocations: 874)
Delivered mail 6481355216e95_1ae47914154d2@localhost.mail (4.0ms)
  Rendered layout layouts/mailer.html.haml (Duration: 3.8ms | Allocations: 1594)
  Rendered layout layouts/mailer.text.erb (Duration: 1.7ms | Allocations: 864)
Delivered mail 648135613772b_1ae4783815661@localhost.mail (4.2ms)
  Rendered layout layouts/mailer.html.haml (Duration: 3.9ms | Allocations: 1716)
  Rendered layout layouts/mailer.text.erb (Duration: 1.7ms | Allocations: 875)
Delivered mail 648135765e896_1ae47f54158d@localhost.mail (4.1ms)
  Rendered layout layouts/mailer.html.haml (Duration: 4.7ms | Allocations: 3700)
  Rendered layout layouts/mailer.text.erb (Duration: 1.7ms | Allocations: 864)
Delivered mail 648135978bbae_1ae4808016051@localhost.mail (3.9ms)
  
ActionController::RoutingError (No route matches [POST] "/.env"):
  
lib/gitlab/middleware/basic_health_check.rb:25:in `call'
lib/gitlab/middleware/handle_malformed_strings.rb:21:in `call'
lib/gitlab/middleware/handle_ip_spoof_attack_error.rb:25:in `call'
lib/gitlab/middleware/request_context.rb:15:in `call'
lib/gitlab/middleware/webhook_recursion_detection.rb:15:in `call'
config/initializers/fix_local_cache_middleware.rb:11:in `call'
lib/gitlab/middleware/compressed_json.rb:45:in `call'
lib/gitlab/middleware/rack_multipart_tempfile_factory.rb:19:in `call'
lib/gitlab/middleware/sidekiq_web_static.rb:20:in `call'
lib/gitlab/metrics/requests_rack_middleware.rb:79:in `call'
lib/gitlab/middleware/release_env.rb:13:in `call'
  Rendered layout layouts/mailer.html.haml (Duration: 100.1ms | Allocations: 124064)
  Rendered layout layouts/mailer.text.erb (Duration: 13.6ms | Allocations: 8257)
Delivered mail 6481387ac979_1ae5d764162b8@localhost.mail (5.9ms)
  Rendered layout layouts/mailer.html.haml (Duration: 121.8ms | Allocations: 162369)
  Rendered layout layouts/mailer.text.erb (Duration: 7.2ms | Allocations: 4277)
Delivered mail 6481387a1b28a_1ae4815c1643a@localhost.mail (5.1ms)
  Rendered layout layouts/mailer.html.haml (Duration: 28.4ms | Allocations: 14445)
  Rendered layout layouts/mailer.text.erb (Duration: 6.4ms | Allocations: 3444)
Delivered mail 6481388de3878_1ae4798c1664b@localhost.mail (5.4ms)
  Rendered layout layouts/mailer.html.haml (Duration: 70.5ms | Allocations: 74455)
  Rendered layout layouts/mailer.text.erb (Duration: 6.2ms | Allocations: 3623)
Delivered mail 6481388df2959_1ae480a816810@localhost.mail (4.9ms)
  Rendered layout layouts/mailer.html.haml (Duration: 27.4ms | Allocations: 10878)
  Rendered layout layouts/mailer.text.erb (Duration: 6.4ms | Allocations: 3623)
Delivered mail 6481389f1983d_1ae47b081708@localhost.mail (5.1ms)
  Rendered layout layouts/mailer.html.haml (Duration: 15.4ms | Allocations: 6791)
  Rendered layout layouts/mailer.text.erb (Duration: 6.0ms | Allocations: 3388)
Delivered mail 648138a2b940b_1ae820f0172c2@localhost.mail (4.5ms)
  Rendered layout layouts/mailer.html.haml (Duration: 28.6ms | Allocations: 11217)
  Rendered layout layouts/mailer.text.erb (Duration: 6.6ms | Allocations: 3623)
Delivered mail 648138cb7c216_1ae47a5417433@localhost.mail (5.2ms)
  Rendered layout layouts/mailer.html.haml (Duration: 15.5ms | Allocations: 6791)
  Rendered layout layouts/mailer.text.erb (Duration: 6.0ms | Allocations: 3388)
Delivered mail 648138dd8a612_1ae8230c17671@localhost.mail (4.6ms)
  Rendered layout layouts/mailer.html.haml (Duration: 59.7ms | Allocations: 36161)
  Rendered layout layouts/mailer.html.haml (Duration: 117.5ms | Allocations: 66773)
  Rendered layout layouts/mailer.text.erb (Duration: 33.8ms | Allocations: 22229)
  Rendered layout layouts/mailer.text.erb (Duration: 20.2ms | Allocations: 11636)
  Rendered layout layouts/mailer.html.haml (Duration: 96.4ms | Allocations: 60404)
  Rendered layout layouts/mailer.html.haml (Duration: 114.1ms | Allocations: 102285)
  Rendered layout layouts/mailer.text.erb (Duration: 4.8ms | Allocations: 1879)
  Rendered layout layouts/mailer.html.haml (Duration: 65.5ms | Allocations: 68973)
  Rendered layout layouts/mailer.text.erb (Duration: 1.9ms | Allocations: 828)
Delivered mail 64813ed970d12_1ae47a9018290@localhost.mail (8.1ms)
Delivered mail 64813ed9650d3_1ae8235c1807c@localhost.mail (5.1ms)
Delivered mail 64813ed9607c1_1ae47ae017977@localhost.mail (23.5ms)
Delivered mail 64813ed97e647_1ae4806c1843c@localhost.mail (5.7ms)
  Rendered layout layouts/mailer.html.haml (Duration: 74.7ms | Allocations: 75136)
  Rendered layout layouts/mailer.text.erb (Duration: 1.8ms | Allocations: 828)
  Rendered layout layouts/mailer.text.erb (Duration: 2.2ms | Allocations: 828)
Delivered mail 64813ed98a385_1ae4793c18652@localhost.mail (6.9ms)
Delivered mail 64813ed98f905_1ae478d81888e@localhost.mail (4.9ms)
  Rendered layout layouts/mailer.html.haml (Duration: 39.2ms | Allocations: 19721)
  Rendered layout layouts/mailer.text.erb (Duration: 1.8ms | Allocations: 829)
Delivered mail 64813ef04ef40_1ae8220819059@localhost.mail (9.1ms)
  Rendered layout layouts/mailer.html.haml (Duration: 23.9ms | Allocations: 16644)
  Rendered layout layouts/mailer.html.haml (Duration: 49.8ms | Allocations: 47943)
  Rendered layout layouts/mailer.text.erb (Duration: 1.6ms | Allocations: 829)
  Rendered layout layouts/mailer.html.haml (Duration: 45.9ms | Allocations: 44911)
  Rendered layout layouts/mailer.text.erb (Duration: 1.5ms | Allocations: 827)
  Rendered layout layouts/mailer.text.erb (Duration: 1.5ms | Allocations: 827)
Delivered mail 64813ef05b61c_1ae4760819286@localhost.mail (21.5ms)
Delivered mail 64813ef05fe6c_1ae5d73c195e5@localhost.mail (20.0ms)
Delivered mail 64813ef063ab6_1ae479b41964c@localhost.mail (4.8ms)
  Rendered layout layouts/mailer.html.haml (Duration: 13.7ms | Allocations: 8912)
  Rendered layout layouts/mailer.html.haml (Duration: 16.8ms | Allocations: 10861)
  Rendered layout layouts/mailer.text.erb (Duration: 1.6ms | Allocations: 842)
  Rendered layout layouts/mailer.text.erb (Duration: 1.5ms | Allocations: 828)
Delivered mail 64813ef510414_1ae501b8199c4@localhost.mail (21.0ms)
Delivered mail 64813ef5148b6_1ae823d420093@localhost.mail (5.6ms)
  Rendered layout layouts/mailer.html.haml (Duration: 6.6ms | Allocations: 2680)
  Rendered layout layouts/mailer.text.erb (Duration: 1.6ms | Allocations: 829)
Delivered mail 64813f07bcac8_1ae82eb020262@localhost.mail (3.7ms)
  Rendered layout layouts/mailer.html.haml (Duration: 6.5ms | Allocations: 2680)
  Rendered layout layouts/mailer.text.erb (Duration: 1.6ms | Allocations: 829)
Delivered mail 64813f0c49def_1ae82f78204a1@localhost.mail (3.7ms)
  Rendered layout layouts/mailer.html.haml (Duration: 15.3ms | Allocations: 8251)
  Rendered layout layouts/mailer.text.erb (Duration: 1.6ms | Allocations: 828)
  Rendered layout layouts/mailer.html.haml (Duration: 11.9ms | Allocations: 6617)
Delivered mail 64813f10437a3_1ae82fc820657@localhost.mail (3.8ms)
  Rendered layout layouts/mailer.text.erb (Duration: 3.3ms | Allocations: 1432)
Delivered mail 64813f10492a3_1ae47874208f3@localhost.mail (5.3ms)
  Rendered layout layouts/mailer.html.haml (Duration: 6.5ms | Allocations: 2680)
  Rendered layout layouts/mailer.text.erb (Duration: 1.5ms | Allocations: 828)
Delivered mail 64813f132a941_1ae8304021057@localhost.mail (4.8ms)
  Rendered layout layouts/mailer.html.haml (Duration: 6.6ms | Allocations: 2678)
  Rendered layout layouts/mailer.text.erb (Duration: 3.1ms | Allocations: 2936)
Delivered mail 64813f1cb5931_1ae83090212ee@localhost.mail (3.6ms)
  Rendered layout layouts/mailer.html.haml (Duration: 6.2ms | Allocations: 2680)
  Rendered layout layouts/mailer.text.erb (Duration: 1.5ms | Allocations: 829)
Delivered mail 64813f396f479_1ae830e0214d6@localhost.mail (3.6ms)
  Rendered layout layouts/mailer.html.haml (Duration: 18.6ms | Allocations: 10182)
  Rendered layout layouts/mailer.text.erb (Duration: 3.1ms | Allocations: 1576)
  Rendered layout layouts/mailer.html.haml (Duration: 18.7ms | Allocations: 9169)
  Rendered layout layouts/mailer.html.haml (Duration: 31.2ms | Allocations: 33646)
Delivered mail 64813f3dd0c76_1ae83130216c7@localhost.mail (4.6ms)
  Rendered layout layouts/mailer.text.erb (Duration: 2.3ms | Allocations: 835)
  Rendered layout layouts/mailer.text.erb (Duration: 17.2ms | Allocations: 25782)
Delivered mail 64813f3dd6848_1ae8316c21827@localhost.mail (5.0ms)
Delivered mail 64813f3ddaa5e_1ae831442206f@localhost.mail (7.6ms)
  Rendered layout layouts/mailer.html.haml (Duration: 12.0ms | Allocations: 11106)
  Rendered layout layouts/mailer.text.erb (Duration: 1.8ms | Allocations: 829)
Delivered mail 64813f495dae7_1ae823fc222e8@localhost.mail (4.1ms)
  Rendered layout layouts/mailer.html.haml (Duration: 6.5ms | Allocations: 2680)
  Rendered layout layouts/mailer.text.erb (Duration: 1.6ms | Allocations: 829)
Delivered mail 64813f585bbe8_1ae832d42246c@localhost.mail (4.1ms)
